
> frontend@0.0.0 dev
> vite --host


  VITE v4.5.3  ready in 291 ms

  ➜  Local:   http://localhost:5173/
  ➜  Network: http://172.31.18.100:5173/

> frontend@0.0.0 dev
> vite --host


  VITE v4.5.3  ready in 286 ms

  ➜  Local:   http://localhost:5173/
  ➜  Network: http://172.31.18.100:5173/

> frontend@0.0.0 dev
> vite --host


  VITE v4.5.3  ready in 293 ms

  ➜  Local:   http://localhost:5173/
  ➜  Network: http://172.31.18.100:5173/

> frontend@0.0.0 dev
> vite --host


  VITE v4.5.3  ready in 294 ms

  ➜  Local:   http://localhost:5173/
  ➜  Network: http://172.31.18.100:5173/
